<?xml version="1.0" encoding="UTF-8"?>
<testng-results skipped="0" failed="0" ignored="0" total="1" passed="1">
  <reporter-output>
  </reporter-output>
  <suite name="Suite" duration-ms="3840" started-at="2024-01-26T05:04:13Z" finished-at="2024-01-26T05:04:16Z">
    <groups>
    </groups>
    <test name="Test" duration-ms="3840" started-at="2024-01-26T05:04:13Z" finished-at="2024-01-26T05:04:16Z">
      <class name="com.tests.NewTest">
        <test-method status="PASS" signature="test01()[pri:0, instance:com.tests.NewTest@77caeb3e]" name="test01" duration-ms="3826" started-at="2024-01-26T10:34:13Z" finished-at="2024-01-26T10:34:16Z">
          <reporter-output>
          </reporter-output>
        </test-method> <!-- test01 -->
      </class> <!-- com.tests.NewTest -->
    </test> <!-- Test -->
  </suite> <!-- Suite -->
</testng-results>
